{"F:\\dev-assessment\\src\\components\\Header\\Header.tsx": {"path":"F:\\dev-assessment\\src\\components\\Header\\Header.tsx","all":false,"statementMap":{"0":{"start":{"line":1,"column":0},"end":{"line":1,"column":22}},"1":{"start":{"line":2,"column":0},"end":{"line":2,"column":12}},"2":{"start":{"line":3,"column":0},"end":{"line":3,"column":85}},"3":{"start":{"line":4,"column":0},"end":{"line":4,"column":62}},"4":{"start":{"line":5,"column":0},"end":{"line":5,"column":93}},"5":{"start":{"line":6,"column":0},"end":{"line":6,"column":60}},"6":{"start":{"line":7,"column":0},"end":{"line":7,"column":102}},"7":{"start":{"line":8,"column":0},"end":{"line":8,"column":16}},"8":{"start":{"line":9,"column":0},"end":{"line":9,"column":18}},"9":{"start":{"line":10,"column":0},"end":{"line":10,"column":17}},"11":{"start":{"line":12,"column":0},"end":{"line":12,"column":2}},"13":{"start":{"line":14,"column":0},"end":{"line":14,"column":22}}},"s":{"0":1,"1":2,"2":2,"3":2,"4":2,"5":2,"6":2,"7":2,"8":2,"9":2,"11":2,"13":1},"branchMap":{"0":{"type":"branch","line":1,"loc":{"start":{"line":1,"column":15},"end":{"line":12,"column":2}},"locations":[{"start":{"line":1,"column":15},"end":{"line":12,"column":2}}]}},"b":{"0":[2]},"fnMap":{"0":{"name":"Header","decl":{"start":{"line":1,"column":15},"end":{"line":12,"column":2}},"loc":{"start":{"line":1,"column":15},"end":{"line":12,"column":2}},"line":1}},"f":{"0":2}}
,"F:\\dev-assessment\\src\\components\\Search\\SearchBar.tsx": {"path":"F:\\dev-assessment\\src\\components\\Search\\SearchBar.tsx","all":false,"statementMap":{"0":{"start":{"line":1,"column":0},"end":{"line":1,"column":61}},"1":{"start":{"line":2,"column":0},"end":{"line":2,"column":42}},"2":{"start":{"line":3,"column":0},"end":{"line":3,"column":41}},"3":{"start":{"line":4,"column":0},"end":{"line":4,"column":34}},"4":{"start":{"line":5,"column":0},"end":{"line":5,"column":50}},"10":{"start":{"line":11,"column":0},"end":{"line":11,"column":49}},"11":{"start":{"line":12,"column":0},"end":{"line":12,"column":64}},"12":{"start":{"line":13,"column":0},"end":{"line":13,"column":65}},"13":{"start":{"line":14,"column":0},"end":{"line":14,"column":53}},"14":{"start":{"line":15,"column":0},"end":{"line":15,"column":59}},"15":{"start":{"line":16,"column":0},"end":{"line":16,"column":52}},"17":{"start":{"line":18,"column":0},"end":{"line":18,"column":21}},"18":{"start":{"line":19,"column":0},"end":{"line":19,"column":34}},"19":{"start":{"line":20,"column":0},"end":{"line":20,"column":11}},"21":{"start":{"line":22,"column":0},"end":{"line":22,"column":34}},"22":{"start":{"line":23,"column":0},"end":{"line":23,"column":13}},"23":{"start":{"line":24,"column":0},"end":{"line":24,"column":29}},"24":{"start":{"line":25,"column":0},"end":{"line":25,"column":64}},"25":{"start":{"line":26,"column":0},"end":{"line":26,"column":31}},"26":{"start":{"line":27,"column":0},"end":{"line":27,"column":45}},"27":{"start":{"line":28,"column":0},"end":{"line":28,"column":48}},"28":{"start":{"line":29,"column":0},"end":{"line":29,"column":45}},"29":{"start":{"line":30,"column":0},"end":{"line":30,"column":28}},"30":{"start":{"line":31,"column":0},"end":{"line":31,"column":49}},"31":{"start":{"line":32,"column":0},"end":{"line":32,"column":21}},"32":{"start":{"line":33,"column":0},"end":{"line":33,"column":19}},"33":{"start":{"line":34,"column":0},"end":{"line":34,"column":20}},"34":{"start":{"line":35,"column":0},"end":{"line":35,"column":10}},"35":{"start":{"line":36,"column":0},"end":{"line":36,"column":6}},"37":{"start":{"line":38,"column":0},"end":{"line":38,"column":75}},"38":{"start":{"line":39,"column":0},"end":{"line":39,"column":38}},"39":{"start":{"line":40,"column":0},"end":{"line":40,"column":41}},"40":{"start":{"line":41,"column":0},"end":{"line":41,"column":29}},"41":{"start":{"line":42,"column":0},"end":{"line":42,"column":16}},"42":{"start":{"line":43,"column":0},"end":{"line":43,"column":37}},"43":{"start":{"line":44,"column":0},"end":{"line":44,"column":9}},"44":{"start":{"line":45,"column":0},"end":{"line":45,"column":6}},"46":{"start":{"line":47,"column":0},"end":{"line":47,"column":31}},"47":{"start":{"line":48,"column":0},"end":{"line":48,"column":26}},"48":{"start":{"line":49,"column":0},"end":{"line":49,"column":33}},"49":{"start":{"line":50,"column":0},"end":{"line":50,"column":34}},"50":{"start":{"line":51,"column":0},"end":{"line":51,"column":6}},"52":{"start":{"line":53,"column":0},"end":{"line":53,"column":55}},"53":{"start":{"line":54,"column":0},"end":{"line":54,"column":36}},"54":{"start":{"line":55,"column":0},"end":{"line":55,"column":43}},"55":{"start":{"line":56,"column":0},"end":{"line":56,"column":70}},"56":{"start":{"line":57,"column":0},"end":{"line":57,"column":14}},"57":{"start":{"line":58,"column":0},"end":{"line":58,"column":41}},"58":{"start":{"line":59,"column":0},"end":{"line":59,"column":43}},"59":{"start":{"line":60,"column":0},"end":{"line":60,"column":70}},"60":{"start":{"line":61,"column":0},"end":{"line":61,"column":14}},"61":{"start":{"line":62,"column":0},"end":{"line":62,"column":39}},"62":{"start":{"line":63,"column":0},"end":{"line":63,"column":75}},"63":{"start":{"line":64,"column":0},"end":{"line":64,"column":53}},"64":{"start":{"line":65,"column":0},"end":{"line":65,"column":58}},"65":{"start":{"line":66,"column":0},"end":{"line":66,"column":41}},"66":{"start":{"line":67,"column":0},"end":{"line":67,"column":20}},"67":{"start":{"line":68,"column":0},"end":{"line":68,"column":37}},"68":{"start":{"line":69,"column":0},"end":{"line":69,"column":41}},"69":{"start":{"line":70,"column":0},"end":{"line":70,"column":13}},"70":{"start":{"line":71,"column":0},"end":{"line":71,"column":9}},"71":{"start":{"line":72,"column":0},"end":{"line":72,"column":6}},"73":{"start":{"line":74,"column":0},"end":{"line":74,"column":59}},"74":{"start":{"line":75,"column":0},"end":{"line":75,"column":34}},"75":{"start":{"line":76,"column":0},"end":{"line":76,"column":33}},"76":{"start":{"line":77,"column":0},"end":{"line":77,"column":29}},"77":{"start":{"line":78,"column":0},"end":{"line":78,"column":6}},"79":{"start":{"line":80,"column":0},"end":{"line":80,"column":61}},"80":{"start":{"line":81,"column":0},"end":{"line":81,"column":32}},"81":{"start":{"line":82,"column":0},"end":{"line":82,"column":53}},"82":{"start":{"line":83,"column":0},"end":{"line":83,"column":58}},"83":{"start":{"line":84,"column":0},"end":{"line":84,"column":6}},"85":{"start":{"line":86,"column":0},"end":{"line":86,"column":12}},"86":{"start":{"line":87,"column":0},"end":{"line":87,"column":81}},"87":{"start":{"line":88,"column":0},"end":{"line":88,"column":140}},"88":{"start":{"line":89,"column":0},"end":{"line":89,"column":69}},"89":{"start":{"line":90,"column":0},"end":{"line":90,"column":26}},"90":{"start":{"line":91,"column":0},"end":{"line":91,"column":35}},"91":{"start":{"line":92,"column":0},"end":{"line":92,"column":38}},"92":{"start":{"line":93,"column":0},"end":{"line":93,"column":42}},"93":{"start":{"line":94,"column":0},"end":{"line":94,"column":52}},"94":{"start":{"line":95,"column":0},"end":{"line":95,"column":49}},"95":{"start":{"line":96,"column":0},"end":{"line":96,"column":106}},"96":{"start":{"line":97,"column":0},"end":{"line":97,"column":22}},"97":{"start":{"line":98,"column":0},"end":{"line":98,"column":27}},"98":{"start":{"line":99,"column":0},"end":{"line":99,"column":42}},"99":{"start":{"line":100,"column":0},"end":{"line":100,"column":45}},"100":{"start":{"line":101,"column":0},"end":{"line":101,"column":54}},"102":{"start":{"line":103,"column":0},"end":{"line":103,"column":35}},"103":{"start":{"line":104,"column":0},"end":{"line":104,"column":29}},"104":{"start":{"line":105,"column":0},"end":{"line":105,"column":22}},"105":{"start":{"line":106,"column":0},"end":{"line":106,"column":23}},"106":{"start":{"line":107,"column":0},"end":{"line":107,"column":56}},"107":{"start":{"line":108,"column":0},"end":{"line":108,"column":197}},"109":{"start":{"line":110,"column":0},"end":{"line":110,"column":32}},"110":{"start":{"line":111,"column":0},"end":{"line":111,"column":56}},"111":{"start":{"line":112,"column":0},"end":{"line":112,"column":25}},"112":{"start":{"line":113,"column":0},"end":{"line":113,"column":36}},"113":{"start":{"line":114,"column":0},"end":{"line":114,"column":107}},"114":{"start":{"line":115,"column":0},"end":{"line":115,"column":65}},"115":{"start":{"line":116,"column":0},"end":{"line":116,"column":31}},"116":{"start":{"line":117,"column":0},"end":{"line":117,"column":43}},"117":{"start":{"line":118,"column":0},"end":{"line":118,"column":133}},"118":{"start":{"line":119,"column":0},"end":{"line":119,"column":39}},"119":{"start":{"line":120,"column":0},"end":{"line":120,"column":76}},"120":{"start":{"line":121,"column":0},"end":{"line":121,"column":81}},"121":{"start":{"line":122,"column":0},"end":{"line":122,"column":58}},"122":{"start":{"line":123,"column":0},"end":{"line":123,"column":83}},"123":{"start":{"line":124,"column":0},"end":{"line":124,"column":34}},"124":{"start":{"line":125,"column":0},"end":{"line":125,"column":30}},"125":{"start":{"line":126,"column":0},"end":{"line":126,"column":27}},"126":{"start":{"line":127,"column":0},"end":{"line":127,"column":25}},"128":{"start":{"line":129,"column":0},"end":{"line":129,"column":18}},"129":{"start":{"line":130,"column":0},"end":{"line":130,"column":14}},"131":{"start":{"line":132,"column":0},"end":{"line":132,"column":2}},"133":{"start":{"line":134,"column":0},"end":{"line":134,"column":25}}},"s":{"0":1,"1":1,"2":1,"3":1,"4":1,"10":1,"11":47,"12":47,"13":47,"14":47,"15":47,"17":47,"18":10,"19":47,"21":47,"22":47,"23":10,"24":5,"25":5,"26":5,"27":5,"28":5,"29":5,"30":0,"31":0,"32":5,"33":10,"34":47,"35":47,"37":47,"38":22,"39":22,"40":16,"41":22,"42":6,"43":6,"44":22,"46":47,"47":1,"48":1,"49":1,"50":1,"52":47,"53":24,"54":1,"55":1,"56":1,"57":24,"58":0,"59":0,"60":0,"61":23,"62":4,"63":1,"64":1,"65":1,"66":4,"67":3,"68":3,"69":3,"70":4,"71":24,"73":47,"74":1,"75":1,"76":1,"77":1,"79":47,"80":18,"81":18,"82":18,"83":18,"85":47,"86":47,"87":47,"88":47,"89":47,"90":47,"91":47,"92":47,"93":47,"94":47,"95":47,"96":47,"97":47,"98":47,"99":47,"100":47,"102":47,"103":47,"104":47,"105":47,"106":47,"107":47,"109":47,"110":47,"111":47,"112":47,"113":6,"114":6,"115":18,"116":18,"117":18,"118":18,"119":18,"120":18,"121":18,"122":18,"123":18,"124":18,"125":6,"126":6,"128":47,"129":47,"131":47,"133":1},"branchMap":{"0":{"type":"branch","line":11,"loc":{"start":{"line":11,"column":18},"end":{"line":132,"column":2}},"locations":[{"start":{"line":11,"column":18},"end":{"line":132,"column":2}}]},"1":{"type":"branch","line":113,"loc":{"start":{"line":113,"column":17},"end":{"line":127,"column":25}},"locations":[{"start":{"line":113,"column":17},"end":{"line":127,"column":25}}]},"2":{"type":"branch","line":18,"loc":{"start":{"line":18,"column":14},"end":{"line":20,"column":7}},"locations":[{"start":{"line":18,"column":14},"end":{"line":20,"column":7}}]},"3":{"type":"branch","line":23,"loc":{"start":{"line":23,"column":8},"end":{"line":34,"column":20}},"locations":[{"start":{"line":23,"column":8},"end":{"line":34,"column":20}}]},"4":{"type":"branch","line":24,"loc":{"start":{"line":24,"column":21},"end":{"line":34,"column":15}},"locations":[{"start":{"line":24,"column":21},"end":{"line":34,"column":15}}]},"5":{"type":"branch","line":25,"loc":{"start":{"line":25,"column":53},"end":{"line":33,"column":17}},"locations":[{"start":{"line":25,"column":53},"end":{"line":33,"column":17}}]},"6":{"type":"branch","line":30,"loc":{"start":{"line":30,"column":20},"end":{"line":32,"column":21}},"locations":[{"start":{"line":30,"column":20},"end":{"line":32,"column":21}}]},"7":{"type":"branch","line":38,"loc":{"start":{"line":38,"column":30},"end":{"line":45,"column":6}},"locations":[{"start":{"line":38,"column":30},"end":{"line":45,"column":6}}]},"8":{"type":"branch","line":40,"loc":{"start":{"line":40,"column":40},"end":{"line":42,"column":15}},"locations":[{"start":{"line":40,"column":40},"end":{"line":42,"column":15}}]},"9":{"type":"branch","line":42,"loc":{"start":{"line":42,"column":8},"end":{"line":44,"column":9}},"locations":[{"start":{"line":42,"column":8},"end":{"line":44,"column":9}}]},"10":{"type":"branch","line":47,"loc":{"start":{"line":47,"column":24},"end":{"line":51,"column":6}},"locations":[{"start":{"line":47,"column":24},"end":{"line":51,"column":6}}]},"11":{"type":"branch","line":53,"loc":{"start":{"line":53,"column":26},"end":{"line":72,"column":6}},"locations":[{"start":{"line":53,"column":26},"end":{"line":72,"column":6}}]},"12":{"type":"branch","line":54,"loc":{"start":{"line":54,"column":35},"end":{"line":58,"column":19}},"locations":[{"start":{"line":54,"column":35},"end":{"line":58,"column":19}}]},"13":{"type":"branch","line":58,"loc":{"start":{"line":58,"column":8},"end":{"line":71,"column":9}},"locations":[{"start":{"line":58,"column":8},"end":{"line":71,"column":9}}]},"14":{"type":"branch","line":58,"loc":{"start":{"line":58,"column":40},"end":{"line":62,"column":19}},"locations":[{"start":{"line":58,"column":40},"end":{"line":62,"column":19}}]},"15":{"type":"branch","line":62,"loc":{"start":{"line":62,"column":38},"end":{"line":71,"column":9}},"locations":[{"start":{"line":62,"column":38},"end":{"line":71,"column":9}}]},"16":{"type":"branch","line":63,"loc":{"start":{"line":63,"column":33},"end":{"line":63,"column":74}},"locations":[{"start":{"line":63,"column":33},"end":{"line":63,"column":74}}]},"17":{"type":"branch","line":63,"loc":{"start":{"line":63,"column":74},"end":{"line":67,"column":19}},"locations":[{"start":{"line":63,"column":74},"end":{"line":67,"column":19}}]},"18":{"type":"branch","line":67,"loc":{"start":{"line":67,"column":12},"end":{"line":70,"column":13}},"locations":[{"start":{"line":67,"column":12},"end":{"line":70,"column":13}}]},"19":{"type":"branch","line":55,"loc":{"start":{"line":55,"column":29},"end":{"line":56,"column":70}},"locations":[{"start":{"line":55,"column":29},"end":{"line":56,"column":70}}]},"20":{"type":"branch","line":56,"loc":{"start":{"line":56,"column":65},"end":{"line":56,"column":70}},"locations":[{"start":{"line":56,"column":65},"end":{"line":56,"column":70}}]},"21":{"type":"branch","line":74,"loc":{"start":{"line":74,"column":34},"end":{"line":78,"column":6}},"locations":[{"start":{"line":74,"column":34},"end":{"line":78,"column":6}}]},"22":{"type":"branch","line":80,"loc":{"start":{"line":80,"column":27},"end":{"line":84,"column":6}},"locations":[{"start":{"line":80,"column":27},"end":{"line":84,"column":6}}]},"23":{"type":"branch","line":81,"loc":{"start":{"line":81,"column":20},"end":{"line":81,"column":32}},"locations":[{"start":{"line":81,"column":20},"end":{"line":81,"column":32}}]},"24":{"type":"branch","line":107,"loc":{"start":{"line":107,"column":29},"end":{"line":107,"column":56}},"locations":[{"start":{"line":107,"column":29},"end":{"line":107,"column":56}}]},"25":{"type":"branch","line":115,"loc":{"start":{"line":115,"column":41},"end":{"line":125,"column":30}},"locations":[{"start":{"line":115,"column":41},"end":{"line":125,"column":30}}]},"26":{"type":"branch","line":118,"loc":{"start":{"line":118,"column":107},"end":{"line":118,"column":131}},"locations":[{"start":{"line":118,"column":107},"end":{"line":118,"column":131}}]},"27":{"type":"branch","line":118,"loc":{"start":{"line":118,"column":115},"end":{"line":118,"column":133}},"locations":[{"start":{"line":118,"column":115},"end":{"line":118,"column":133}}]},"28":{"type":"branch","line":120,"loc":{"start":{"line":120,"column":46},"end":{"line":120,"column":76}},"locations":[{"start":{"line":120,"column":46},"end":{"line":120,"column":76}}]},"29":{"type":"branch","line":121,"loc":{"start":{"line":121,"column":41},"end":{"line":121,"column":81}},"locations":[{"start":{"line":121,"column":41},"end":{"line":121,"column":81}}]}},"b":{"0":[47],"1":[6],"2":[10],"3":[10],"4":[5],"5":[5],"6":[0],"7":[22],"8":[16],"9":[6],"10":[1],"11":[24],"12":[1],"13":[23],"14":[0],"15":[4],"16":[1],"17":[1],"18":[3],"19":[1],"20":[0],"21":[1],"22":[18],"23":[0],"24":[1],"25":[18],"26":[2],"27":[16],"28":[1],"29":[1]},"fnMap":{"0":{"name":"SearchBar","decl":{"start":{"line":11,"column":18},"end":{"line":132,"column":2}},"loc":{"start":{"line":11,"column":18},"end":{"line":132,"column":2}},"line":11},"1":{"name":"handleInputChange","decl":{"start":{"line":38,"column":30},"end":{"line":45,"column":6}},"loc":{"start":{"line":38,"column":30},"end":{"line":45,"column":6}},"line":38},"2":{"name":"handleClear","decl":{"start":{"line":47,"column":24},"end":{"line":51,"column":6}},"loc":{"start":{"line":47,"column":24},"end":{"line":51,"column":6}},"line":47},"3":{"name":"handleKeyDown","decl":{"start":{"line":53,"column":26},"end":{"line":72,"column":6}},"loc":{"start":{"line":53,"column":26},"end":{"line":72,"column":6}},"line":53},"4":{"name":"handleSuggestionClick","decl":{"start":{"line":74,"column":34},"end":{"line":78,"column":6}},"loc":{"start":{"line":74,"column":34},"end":{"line":78,"column":6}},"line":74},"5":{"name":"highlightMatch","decl":{"start":{"line":80,"column":27},"end":{"line":84,"column":6}},"loc":{"start":{"line":80,"column":27},"end":{"line":84,"column":6}},"line":80},"6":{"name":"onClick","decl":{"start":{"line":107,"column":29},"end":{"line":107,"column":56}},"loc":{"start":{"line":107,"column":29},"end":{"line":107,"column":56}},"line":107},"7":{"name":"onMouseEnter","decl":{"start":{"line":120,"column":46},"end":{"line":120,"column":76}},"loc":{"start":{"line":120,"column":46},"end":{"line":120,"column":76}},"line":120},"8":{"name":"onClick","decl":{"start":{"line":121,"column":41},"end":{"line":121,"column":81}},"loc":{"start":{"line":121,"column":41},"end":{"line":121,"column":81}},"line":121}},"f":{"0":47,"1":22,"2":1,"3":24,"4":1,"5":18,"6":1,"7":1,"8":1}}
,"F:\\dev-assessment\\src\\components\\Search\\SearchContainer.tsx": {"path":"F:\\dev-assessment\\src\\components\\Search\\SearchContainer.tsx","all":false,"statementMap":{"0":{"start":{"line":1,"column":0},"end":{"line":1,"column":33}},"1":{"start":{"line":2,"column":0},"end":{"line":2,"column":36}},"2":{"start":{"line":3,"column":0},"end":{"line":3,"column":42}},"3":{"start":{"line":4,"column":0},"end":{"line":4,"column":46}},"6":{"start":{"line":7,"column":0},"end":{"line":7,"column":31}},"7":{"start":{"line":8,"column":0},"end":{"line":8,"column":62}},"9":{"start":{"line":10,"column":0},"end":{"line":10,"column":43}},"10":{"start":{"line":11,"column":0},"end":{"line":11,"column":29}},"12":{"start":{"line":13,"column":0},"end":{"line":13,"column":46}},"13":{"start":{"line":14,"column":0},"end":{"line":14,"column":30}},"15":{"start":{"line":16,"column":0},"end":{"line":16,"column":91}},"17":{"start":{"line":18,"column":0},"end":{"line":18,"column":75}},"18":{"start":{"line":19,"column":0},"end":{"line":19,"column":24}},"19":{"start":{"line":20,"column":0},"end":{"line":20,"column":34}},"20":{"start":{"line":21,"column":0},"end":{"line":21,"column":44}},"21":{"start":{"line":22,"column":0},"end":{"line":22,"column":96}},"22":{"start":{"line":23,"column":0},"end":{"line":23,"column":17}},"23":{"start":{"line":24,"column":0},"end":{"line":24,"column":16}},"25":{"start":{"line":26,"column":0},"end":{"line":26,"column":42}},"26":{"start":{"line":27,"column":0},"end":{"line":27,"column":11}},"27":{"start":{"line":28,"column":0},"end":{"line":28,"column":6}},"29":{"start":{"line":30,"column":0},"end":{"line":30,"column":12}},"30":{"start":{"line":31,"column":0},"end":{"line":31,"column":10}},"31":{"start":{"line":32,"column":0},"end":{"line":32,"column":45}},"32":{"start":{"line":33,"column":0},"end":{"line":33,"column":44}},"33":{"start":{"line":34,"column":0},"end":{"line":34,"column":11}},"35":{"start":{"line":36,"column":0},"end":{"line":36,"column":2}},"37":{"start":{"line":38,"column":0},"end":{"line":38,"column":31}}},"s":{"0":1,"1":1,"2":1,"3":1,"6":1,"7":7,"9":7,"10":3,"12":3,"13":3,"15":3,"17":3,"18":6,"19":6,"20":6,"21":6,"22":6,"23":3,"25":3,"26":3,"27":3,"29":7,"30":7,"31":7,"32":7,"33":7,"35":7,"37":1},"branchMap":{"0":{"type":"branch","line":7,"loc":{"start":{"line":7,"column":24},"end":{"line":36,"column":2}},"locations":[{"start":{"line":7,"column":24},"end":{"line":36,"column":2}}]},"1":{"type":"branch","line":10,"loc":{"start":{"line":10,"column":21},"end":{"line":28,"column":6}},"locations":[{"start":{"line":10,"column":21},"end":{"line":28,"column":6}}]},"2":{"type":"branch","line":11,"loc":{"start":{"line":11,"column":22},"end":{"line":11,"column":29}},"locations":[{"start":{"line":11,"column":22},"end":{"line":11,"column":29}}]},"3":{"type":"branch","line":13,"loc":{"start":{"line":13,"column":35},"end":{"line":27,"column":9}},"locations":[{"start":{"line":13,"column":35},"end":{"line":27,"column":9}}]},"4":{"type":"branch","line":14,"loc":{"start":{"line":14,"column":23},"end":{"line":14,"column":30}},"locations":[{"start":{"line":14,"column":23},"end":{"line":14,"column":30}}]},"5":{"type":"branch","line":18,"loc":{"start":{"line":18,"column":48},"end":{"line":24,"column":14}},"locations":[{"start":{"line":18,"column":48},"end":{"line":24,"column":14}}]},"6":{"type":"branch","line":22,"loc":{"start":{"line":22,"column":67},"end":{"line":22,"column":95}},"locations":[{"start":{"line":22,"column":67},"end":{"line":22,"column":95}}]}},"b":{"0":[7],"1":[3],"2":[0],"3":[3],"4":[0],"5":[6],"6":[6]},"fnMap":{"0":{"name":"SearchContainer","decl":{"start":{"line":7,"column":24},"end":{"line":36,"column":2}},"loc":{"start":{"line":7,"column":24},"end":{"line":36,"column":2}},"line":7},"1":{"name":"onSearch","decl":{"start":{"line":10,"column":21},"end":{"line":28,"column":6}},"loc":{"start":{"line":10,"column":21},"end":{"line":28,"column":6}},"line":10}},"f":{"0":7,"1":3}}
,"F:\\dev-assessment\\src\\components\\Search\\SearchResult.tsx": {"path":"F:\\dev-assessment\\src\\components\\Search\\SearchResult.tsx","all":false,"statementMap":{"6":{"start":{"line":7,"column":0},"end":{"line":7,"column":58}},"7":{"start":{"line":8,"column":0},"end":{"line":8,"column":49}},"9":{"start":{"line":10,"column":0},"end":{"line":10,"column":10}},"10":{"start":{"line":11,"column":0},"end":{"line":11,"column":54}},"11":{"start":{"line":12,"column":0},"end":{"line":12,"column":52}},"12":{"start":{"line":13,"column":0},"end":{"line":13,"column":23}},"13":{"start":{"line":14,"column":0},"end":{"line":14,"column":68}},"14":{"start":{"line":15,"column":0},"end":{"line":15,"column":68}},"15":{"start":{"line":16,"column":0},"end":{"line":16,"column":16}},"17":{"start":{"line":18,"column":0},"end":{"line":18,"column":71}},"20":{"start":{"line":21,"column":0},"end":{"line":21,"column":32}},"21":{"start":{"line":22,"column":0},"end":{"line":22,"column":54}},"22":{"start":{"line":23,"column":0},"end":{"line":23,"column":14}},"23":{"start":{"line":24,"column":0},"end":{"line":24,"column":37}},"24":{"start":{"line":25,"column":0},"end":{"line":25,"column":29}},"25":{"start":{"line":26,"column":0},"end":{"line":26,"column":39}},"26":{"start":{"line":27,"column":0},"end":{"line":27,"column":96}},"28":{"start":{"line":29,"column":0},"end":{"line":29,"column":39}},"29":{"start":{"line":30,"column":0},"end":{"line":30,"column":16}},"30":{"start":{"line":31,"column":0},"end":{"line":31,"column":14}},"31":{"start":{"line":32,"column":0},"end":{"line":32,"column":52}},"32":{"start":{"line":33,"column":0},"end":{"line":33,"column":56}},"33":{"start":{"line":34,"column":0},"end":{"line":34,"column":77}},"34":{"start":{"line":35,"column":0},"end":{"line":35,"column":14}},"35":{"start":{"line":36,"column":0},"end":{"line":36,"column":14}},"36":{"start":{"line":37,"column":0},"end":{"line":37,"column":37}},"37":{"start":{"line":38,"column":0},"end":{"line":38,"column":90}},"39":{"start":{"line":40,"column":0},"end":{"line":40,"column":32}},"40":{"start":{"line":41,"column":0},"end":{"line":41,"column":16}},"41":{"start":{"line":42,"column":0},"end":{"line":42,"column":16}},"42":{"start":{"line":43,"column":0},"end":{"line":43,"column":11}},"43":{"start":{"line":44,"column":0},"end":{"line":44,"column":12}},"44":{"start":{"line":45,"column":0},"end":{"line":45,"column":10}},"46":{"start":{"line":47,"column":0},"end":{"line":47,"column":2}},"48":{"start":{"line":49,"column":0},"end":{"line":49,"column":28}}},"s":{"6":1,"7":12,"9":12,"10":12,"11":12,"12":12,"13":7,"14":7,"15":7,"17":5,"20":12,"21":14,"22":14,"23":14,"24":14,"25":14,"26":14,"28":14,"29":14,"30":14,"31":14,"32":14,"33":14,"34":14,"35":14,"36":14,"37":14,"39":14,"40":14,"41":14,"42":12,"43":12,"44":12,"46":12,"48":1},"branchMap":{"0":{"type":"branch","line":7,"loc":{"start":{"line":7,"column":21},"end":{"line":47,"column":2}},"locations":[{"start":{"line":7,"column":21},"end":{"line":47,"column":2}}]},"1":{"type":"branch","line":8,"loc":{"start":{"line":8,"column":21},"end":{"line":8,"column":49}},"locations":[{"start":{"line":8,"column":21},"end":{"line":8,"column":49}}]},"2":{"type":"branch","line":13,"loc":{"start":{"line":13,"column":9},"end":{"line":16,"column":16}},"locations":[{"start":{"line":13,"column":9},"end":{"line":16,"column":16}}]},"3":{"type":"branch","line":16,"loc":{"start":{"line":16,"column":10},"end":{"line":18,"column":71}},"locations":[{"start":{"line":16,"column":10},"end":{"line":18,"column":71}}]},"4":{"type":"branch","line":21,"loc":{"start":{"line":21,"column":9},"end":{"line":21,"column":21}},"locations":[{"start":{"line":21,"column":9},"end":{"line":21,"column":21}}]},"5":{"type":"branch","line":21,"loc":{"start":{"line":21,"column":21},"end":{"line":42,"column":16}},"locations":[{"start":{"line":21,"column":21},"end":{"line":42,"column":16}}]}},"b":{"0":[12],"1":[11],"2":[7],"3":[5],"4":[11],"5":[14]},"fnMap":{"0":{"name":"SearchResult","decl":{"start":{"line":7,"column":21},"end":{"line":47,"column":2}},"loc":{"start":{"line":7,"column":21},"end":{"line":47,"column":2}},"line":7}},"f":{"0":12}}
,"F:\\dev-assessment\\src\\utils\\api.ts": {"path":"F:\\dev-assessment\\src\\utils\\api.ts","all":false,"statementMap":{"0":{"start":{"line":1,"column":0},"end":{"line":1,"column":60}},"1":{"start":{"line":2,"column":0},"end":{"line":2,"column":68}},"4":{"start":{"line":5,"column":0},"end":{"line":5,"column":55}},"5":{"start":{"line":6,"column":0},"end":{"line":6,"column":7}},"6":{"start":{"line":7,"column":0},"end":{"line":7,"column":45}},"7":{"start":{"line":8,"column":0},"end":{"line":8,"column":41}},"8":{"start":{"line":9,"column":0},"end":{"line":9,"column":37}},"9":{"start":{"line":10,"column":0},"end":{"line":10,"column":131}},"10":{"start":{"line":11,"column":0},"end":{"line":11,"column":19}},"11":{"start":{"line":12,"column":0},"end":{"line":12,"column":25}},"12":{"start":{"line":13,"column":0},"end":{"line":13,"column":16}},"13":{"start":{"line":14,"column":0},"end":{"line":14,"column":3}},"14":{"start":{"line":15,"column":0},"end":{"line":15,"column":2}},"16":{"start":{"line":17,"column":0},"end":{"line":17,"column":59}},"17":{"start":{"line":18,"column":0},"end":{"line":18,"column":7}},"18":{"start":{"line":19,"column":0},"end":{"line":19,"column":49}},"19":{"start":{"line":20,"column":0},"end":{"line":20,"column":41}},"20":{"start":{"line":21,"column":0},"end":{"line":21,"column":105}},"21":{"start":{"line":22,"column":0},"end":{"line":22,"column":19}},"22":{"start":{"line":23,"column":0},"end":{"line":23,"column":25}},"23":{"start":{"line":24,"column":0},"end":{"line":24,"column":14}},"24":{"start":{"line":25,"column":0},"end":{"line":25,"column":3}},"25":{"start":{"line":26,"column":0},"end":{"line":26,"column":2}}},"s":{"0":1,"1":1,"4":1,"5":3,"6":3,"7":2,"8":3,"9":1,"10":1,"11":1,"12":1,"13":1,"14":3,"16":1,"17":2,"18":2,"19":1,"20":1,"21":1,"22":1,"23":1,"24":1,"25":2},"branchMap":{"0":{"type":"branch","line":5,"loc":{"start":{"line":5,"column":27},"end":{"line":15,"column":2}},"locations":[{"start":{"line":5,"column":27},"end":{"line":15,"column":2}}]},"1":{"type":"branch","line":7,"loc":{"start":{"line":7,"column":43},"end":{"line":9,"column":33}},"locations":[{"start":{"line":7,"column":43},"end":{"line":9,"column":33}}]},"2":{"type":"branch","line":9,"loc":{"start":{"line":9,"column":26},"end":{"line":14,"column":3}},"locations":[{"start":{"line":9,"column":26},"end":{"line":14,"column":3}}]},"3":{"type":"branch","line":10,"loc":{"start":{"line":10,"column":35},"end":{"line":10,"column":129}},"locations":[{"start":{"line":10,"column":35},"end":{"line":10,"column":129}}]},"4":{"type":"branch","line":17,"loc":{"start":{"line":17,"column":31},"end":{"line":26,"column":2}},"locations":[{"start":{"line":17,"column":31},"end":{"line":26,"column":2}}]},"5":{"type":"branch","line":19,"loc":{"start":{"line":19,"column":47},"end":{"line":25,"column":3}},"locations":[{"start":{"line":19,"column":47},"end":{"line":25,"column":3}}]},"6":{"type":"branch","line":21,"loc":{"start":{"line":21,"column":35},"end":{"line":21,"column":103}},"locations":[{"start":{"line":21,"column":35},"end":{"line":21,"column":103}}]}},"b":{"0":[3],"1":[2],"2":[1],"3":[2],"4":[2],"5":[1],"6":[3]},"fnMap":{"0":{"name":"fetchResult","decl":{"start":{"line":5,"column":27},"end":{"line":15,"column":2}},"loc":{"start":{"line":5,"column":27},"end":{"line":15,"column":2}},"line":5},"1":{"name":"fetchSuggestion","decl":{"start":{"line":17,"column":31},"end":{"line":26,"column":2}},"loc":{"start":{"line":17,"column":31},"end":{"line":26,"column":2}},"line":17}},"f":{"0":3,"1":2}}
}
